<?xml version="1.0" encoding="UTF-8"?>
<testsuite xmlns:xsi="http://www.w3.org/2001/XMLSchema-instance" xsi:noNamespaceSchemaLocation="https://maven.apache.org/surefire/maven-surefire-plugin/xsd/surefire-test-report-3.0.xsd" version="3.0" name="com.senai.S.A.ApplicationTests" time="13.428" tests="1" errors="0" skipped="0" failures="0">
  <properties>
[...]
</properties>
  <testcase name="contextLoads" classname="com.senai.S.A.ApplicationTests" time="1.299">
    <system-out><![CDATA[20:29:06.614 [main] INFO org.springframework.test.context.support.AnnotationConfigContextLoaderUtils -- Could not detect default configuration classes for test class [com.senai.S.A.ApplicationTests]: ApplicationTests does not declare any static, non-private, non-final, nested classes annotated with @Configuration.
20:29:06.904 [main] INFO org.springframework.boot.test.context.SpringBootTestContextBootstrapper -- Found @SpringBootConfiguration com.senai.S.A.Application for test class com.senai.S.A.ApplicationTests

  .   ____          _            __ _ _
 /\\ / ___'_ __ _ _(_)_ __  __ _ \ \ \ \
( ( )\___ | '_ | '_| | '_ \/ _` | \ \ \ \
 \\/  ___)| |_)| | | | | || (_| |  ) ) ) )
  '  |____| .__|_| |_|_| |_\__, | / / / /
 =========|_|==============|___/=/_/_/_/

 :: Spring Boot ::                (v3.3.5)

2024-11-26T20:29:07.910-03:00  INFO 208 --- [epi] [           main] com.senai.S.A.ApplicationTests           : Starting ApplicationTests using Java 21.0.1 with PID 208 (started by Windows in C:\Users\Windows\Documents\S.A\S.A-main)
2024-11-26T20:29:07.911-03:00  INFO 208 --- [epi] [           main] com.senai.S.A.ApplicationTests           : No active profile set, falling back to 1 default profile: "default"
2024-11-26T20:29:09.967-03:00  INFO 208 --- [epi] [           main] .s.d.r.c.RepositoryConfigurationDelegate : Bootstrapping Spring Data JPA repositories in DEFAULT mode.
2024-11-26T20:29:10.120-03:00  INFO 208 --- [epi] [           main] .s.d.r.c.RepositoryConfigurationDelegate : Finished Spring Data repository scanning in 136 ms. Found 4 JPA repository interfaces.
2024-11-26T20:29:11.527-03:00  INFO 208 --- [epi] [           main] o.hibernate.jpa.internal.util.LogHelper  : HHH000204: Processing PersistenceUnitInfo [name: default]
2024-11-26T20:29:11.720-03:00  INFO 208 --- [epi] [           main] org.hibernate.Version                    : HHH000412: Hibernate ORM core version 6.5.3.Final
2024-11-26T20:29:11.796-03:00  INFO 208 --- [epi] [           main] o.h.c.internal.RegionFactoryInitiator    : HHH000026: Second-level cache disabled
2024-11-26T20:29:12.714-03:00  INFO 208 --- [epi] [           main] o.s.o.j.p.SpringPersistenceUnitInfo      : No LoadTimeWeaver setup: ignoring JPA class transformer
2024-11-26T20:29:12.811-03:00  INFO 208 --- [epi] [           main] com.zaxxer.hikari.HikariDataSource       : HikariPool-1 - Starting...
2024-11-26T20:29:13.165-03:00  INFO 208 --- [epi] [           main] com.zaxxer.hikari.pool.HikariPool        : HikariPool-1 - Added connection org.mariadb.jdbc.Connection@51af8049
2024-11-26T20:29:13.173-03:00  INFO 208 --- [epi] [           main] com.zaxxer.hikari.HikariDataSource       : HikariPool-1 - Start completed.
2024-11-26T20:29:15.351-03:00  INFO 208 --- [epi] [           main] o.h.e.t.j.p.i.JtaPlatformInitiator       : HHH000489: No JTA platform available (set 'hibernate.transaction.jta.platform' to enable JTA platform integration)
2024-11-26T20:29:15.758-03:00  INFO 208 --- [epi] [           main] j.LocalContainerEntityManagerFactoryBean : Initialized JPA EntityManagerFactory for persistence unit 'default'
2024-11-26T20:29:17.105-03:00  WARN 208 --- [epi] [           main] JpaBaseConfiguration$JpaWebConfiguration : spring.jpa.open-in-view is enabled by default. Therefore, database queries may be performed during view rendering. Explicitly configure spring.jpa.open-in-view to disable this warning
2024-11-26T20:29:18.326-03:00  INFO 208 --- [epi] [           main] com.senai.S.A.ApplicationTests           : Started ApplicationTests in 11.053 seconds (process running for 13.696)
]]></system-out>
    <system-err><![CDATA[WARNING: A Java agent has been loaded dynamically (C:\Users\Windows\.m2\repository\net\bytebuddy\byte-buddy-agent\1.14.19\byte-buddy-agent-1.14.19.jar)
WARNING: If a serviceability tool is in use, please run with -XX:+EnableDynamicAgentLoading to hide this warning
WARNING: If a serviceability tool is not in use, please run with -Djdk.instrument.traceUsage for more information
WARNING: Dynamic loading of agents will be disallowed by default in a future release
]]></system-err>
  </testcase>
</testsuite>